# JRE version: OpenJDK Runtime Environment (8.0_402-b08) (build 1.8.0_402-b08)
# Java VM: OpenJDK Server VM (25.402-b08 mixed mode windows-x86 )
Heap:
 PSYoungGen      total 152832K, used 72947K [0x27380000, 0x31e00000, 0x31e00000)
  eden space 134912K, 43% used [0x27380000,0x2ad14de8,0x2f740000)
  from space 17920K, 78% used [0x2f740000,0x304e8118,0x308c0000)
  to   space 18688K, 0% used [0x30bc0000,0x30bc0000,0x31e00000)
 ParOldGen       total 208896K, used 36470K [0x11e00000, 0x1ea00000, 0x27380000)
  object space 208896K, 17% used [0x11e00000,0x1419daa0,0x1ea00000)
 Metaspace       used 48559K, capacity 50689K, committed 50816K, reserved 51584K
GC Heap History (10 events):
Event: 18382.547 GC heap before
{Heap before GC invocations=18 (full 3):
 PSYoungGen      total 155136K, used 144559K [0x27380000, 0x31d40000, 0x31e00000)
  eden space 137472K, 100% used [0x27380000,0x2f9c0000,0x2f9c0000)
  from space 17664K, 40% used [0x30c00000,0x312ebf88,0x31d40000)
  to   space 18176K, 0% used [0x2f9c0000,0x2f9c0000,0x30b80000)
 ParOldGen       total 208896K, used 36450K [0x11e00000, 0x1ea00000, 0x27380000)
  object space 208896K, 17% used [0x11e00000,0x14198aa0,0x1ea00000)
 Metaspace       used 47579K, capacity 49589K, committed 49664K, reserved 50560K
Event: 18382.566 GC heap after
Heap after GC invocations=18 (full 3):
 PSYoungGen      total 155648K, used 8971K [0x27380000, 0x31d00000, 0x31e00000)
  eden space 137472K, 0% used [0x27380000,0x27380000,0x2f9c0000)
  from space 18176K, 49% used [0x2f9c0000,0x30282ec8,0x30b80000)
  to   space 17408K, 0% used [0x30c00000,0x30c00000,0x31d00000)
 ParOldGen       total 208896K, used 36454K [0x11e00000, 0x1ea00000, 0x27380000)
  object space 208896K, 17% used [0x11e00000,0x14199aa0,0x1ea00000)
 Metaspace       used 47579K, capacity 49589K, committed 49664K, reserved 50560K
}
Event: 18383.323 GC heap before
{Heap before GC invocations=19 (full 3):
 PSYoungGen      total 155648K, used 146443K [0x27380000, 0x31d00000, 0x31e00000)
  eden space 137472K, 100% used [0x27380000,0x2f9c0000,0x2f9c0000)
  from space 18176K, 49% used [0x2f9c0000,0x30282ec8,0x30b80000)
  to   space 17408K, 0% used [0x30c00000,0x30c00000,0x31d00000)
 ParOldGen       total 208896K, used 36454K [0x11e00000, 0x1ea00000, 0x27380000)
  object space 208896K, 17% used [0x11e00000,0x14199aa0,0x1ea00000)
 Metaspace       used 47851K, capacity 49895K, committed 49920K, reserved 50560K
Event: 18383.341 GC heap after
Heap after GC invocations=19 (full 3):
 PSYoungGen      total 155136K, used 14494K [0x27380000, 0x31e00000, 0x31e00000)
  eden space 137728K, 0% used [0x27380000,0x27380000,0x2fa00000)
  from space 17408K, 83% used [0x30c00000,0x31a27b88,0x31d00000)
  to   space 18432K, 0% used [0x2fa00000,0x2fa00000,0x30c00000)
 ParOldGen       total 208896K, used 36458K [0x11e00000, 0x1ea00000, 0x27380000)
  object space 208896K, 17% used [0x11e00000,0x1419aaa0,0x1ea00000)
 Metaspace       used 47851K, capacity 49895K, committed 49920K, reserved 50560K
}
Event: 20099.257 GC heap before
{Heap before GC invocations=20 (full 3):
 PSYoungGen      total 155136K, used 152222K [0x27380000, 0x31e00000, 0x31e00000)
  eden space 137728K, 100% used [0x27380000,0x2fa00000,0x2fa00000)
  from space 17408K, 83% used [0x30c00000,0x31a27b88,0x31d00000)
  to   space 18432K, 0% used [0x2fa00000,0x2fa00000,0x30c00000)
 ParOldGen       total 208896K, used 36458K [0x11e00000, 0x1ea00000, 0x27380000)
  object space 208896K, 17% used [0x11e00000,0x1419aaa0,0x1ea00000)
 Metaspace       used 48165K, capacity 50259K, committed 50304K, reserved 50560K
Event: 20099.269 GC heap after
Heap after GC invocations=20 (full 3):
 PSYoungGen      total 156160K, used 11847K [0x27380000, 0x31e00000, 0x31e00000)
  eden space 137728K, 0% used [0x27380000,0x27380000,0x2fa00000)
  from space 18432K, 64% used [0x2fa00000,0x30591cd8,0x30c00000)
  to   space 18176K, 0% used [0x30c40000,0x30c40000,0x31e00000)
 ParOldGen       total 208896K, used 36462K [0x11e00000, 0x1ea00000, 0x27380000)
  object space 208896K, 17% used [0x11e00000,0x1419baa0,0x1ea00000)
 Metaspace       used 48165K, capacity 50259K, committed 50304K, reserved 50560K
}
Event: 22228.861 GC heap before
{Heap before GC invocations=21 (full 3):
 PSYoungGen      total 156160K, used 149575K [0x27380000, 0x31e00000, 0x31e00000)
  eden space 137728K, 100% used [0x27380000,0x2fa00000,0x2fa00000)
  from space 18432K, 64% used [0x2fa00000,0x30591cd8,0x30c00000)
  to   space 18176K, 0% used [0x30c40000,0x30c40000,0x31e00000)
 ParOldGen       total 208896K, used 36462K [0x11e00000, 0x1ea00000, 0x27380000)
  object space 208896K, 17% used [0x11e00000,0x1419baa0,0x1ea00000)
 Metaspace       used 48296K, capacity 50338K, committed 50432K, reserved 50560K
Event: 22228.867 GC heap after
Heap after GC invocations=21 (full 3):
 PSYoungGen      total 149248K, used 7384K [0x27380000, 0x31a40000, 0x31e00000)
  eden space 134912K, 0% used [0x27380000,0x27380000,0x2f740000)
  from space 14336K, 51% used [0x30c40000,0x31376330,0x31a40000)
  to   space 17920K, 0% used [0x2f740000,0x2f740000,0x308c0000)
 ParOldGen       total 208896K, used 36466K [0x11e00000, 0x1ea00000, 0x27380000)
  object space 208896K, 17% used [0x11e00000,0x1419caa0,0x1ea00000)
 Metaspace       used 48296K, capacity 50338K, committed 50432K, reserved 50560K
}
Event: 22229.247 GC heap before
{Heap before GC invocations=22 (full 3):
 PSYoungGen      total 149248K, used 142296K [0x27380000, 0x31a40000, 0x31e00000)
  eden space 134912K, 100% used [0x27380000,0x2f740000,0x2f740000)
  from space 14336K, 51% used [0x30c40000,0x31376330,0x31a40000)
  to   space 17920K, 0% used [0x2f740000,0x2f740000,0x308c0000)
 ParOldGen       total 208896K, used 36466K [0x11e00000, 0x1ea00000, 0x27380000)
  object space 208896K, 17% used [0x11e00000,0x1419caa0,0x1ea00000)
 Metaspace       used 48414K, capacity 50476K, committed 50560K, reserved 50560K
Event: 22229.253 GC heap after
Heap after GC invocations=22 (full 3):
 PSYoungGen      total 152832K, used 13984K [0x27380000, 0x31e00000, 0x31e00000)
  eden space 134912K, 0% used [0x27380000,0x27380000,0x2f740000)
  from space 17920K, 78% used [0x2f740000,0x304e8118,0x308c0000)
  to   space 18688K, 0% used [0x30bc0000,0x30bc0000,0x31e00000)
 ParOldGen       total 208896K, used 36470K [0x11e00000, 0x1ea00000, 0x27380000)
  object space 208896K, 17% used [0x11e00000,0x1419daa0,0x1ea00000)
 Metaspace       used 48414K, capacity 50476K, committed 50560K, reserved 50560K
}

